<?xml version="1.0" encoding="UTF-8"?>
<robot generator="Robot 3.1.2 (Python 3.7.4 on win32)" generated="20190822 17:54:53.865" rpa="false">
<suite id="s1" name="RobotProject1" source="C:\Users\INFOICON\Desktop\Automation\Workspace\eclipse\RobotProject1">
<suite id="s1-s1" name="Test" source="C:\Users\INFOICON\Desktop\Automation\Workspace\eclipse\RobotProject1\test">
<suite id="s1-s1-s1" name="TestSuite1" source="C:\Users\INFOICON\Desktop\Automation\Workspace\eclipse\RobotProject1\test\TestSuite1.robot">
<kw name="Log" library="BuiltIn" type="setup">
<doc>Logs the given message with the given level.</doc>
<arguments>
<arg>I am inside Test Suite SetUp</arg>
</arguments>
<msg timestamp="20190822 17:54:54.442" level="INFO">I am inside Test Suite SetUp</msg>
<status status="PASS" starttime="20190822 17:54:54.441" endtime="20190822 17:54:54.442"></status>
</kw>
<test id="s1-s1-s1-t1" name="MyFirstTest">
<kw name="Log" library="BuiltIn" type="setup">
<doc>Logs the given message with the given level.</doc>
<arguments>
<arg>I amd inside Test SetUp</arg>
</arguments>
<msg timestamp="20190822 17:54:54.444" level="INFO">I amd inside Test SetUp</msg>
<status status="PASS" starttime="20190822 17:54:54.444" endtime="20190822 17:54:54.445"></status>
</kw>
<kw name="Log" library="BuiltIn">
<doc>Logs the given message with the given level.</doc>
<arguments>
<arg>Hello Word...</arg>
</arguments>
<msg timestamp="20190822 17:54:54.446" level="INFO">Hello Word...</msg>
<status status="PASS" starttime="20190822 17:54:54.445" endtime="20190822 17:54:54.446"></status>
</kw>
<kw name="Log" library="BuiltIn" type="teardown">
<doc>Logs the given message with the given level.</doc>
<arguments>
<arg>I am inside Test Teardown</arg>
</arguments>
<msg timestamp="20190822 17:54:54.447" level="INFO">I am inside Test Teardown</msg>
<status status="PASS" starttime="20190822 17:54:54.446" endtime="20190822 17:54:54.447"></status>
</kw>
<tags>
<tag>Smoke</tag>
</tags>
<status status="PASS" starttime="20190822 17:54:54.443" endtime="20190822 17:54:54.447" critical="yes"></status>
</test>
<test id="s1-s1-s1-t2" name="FirstSeleniumTest">
<kw name="Log" library="BuiltIn" type="setup">
<doc>Logs the given message with the given level.</doc>
<arguments>
<arg>I amd inside Test SetUp</arg>
</arguments>
<msg timestamp="20190822 17:54:54.450" level="INFO">I amd inside Test SetUp</msg>
<status status="PASS" starttime="20190822 17:54:54.449" endtime="20190822 17:54:54.450"></status>
</kw>
<kw name="Open Browser" library="SeleniumLibrary">
<doc>Opens a new browser instance to the given ``url``.</doc>
<arguments>
<arg>https://google.co.in</arg>
<arg>chrome</arg>
</arguments>
<msg timestamp="20190822 17:54:54.451" level="INFO">Opening browser 'chrome' to base url 'https://google.co.in'.</msg>
<status status="PASS" starttime="20190822 17:54:54.450" endtime="20190822 17:55:01.080"></status>
</kw>
<kw name="Set Browser Implicit Wait" library="SeleniumLibrary">
<doc>Sets the implicit wait value used by Selenium.</doc>
<arguments>
<arg>5</arg>
</arguments>
<status status="PASS" starttime="20190822 17:55:01.081" endtime="20190822 17:55:01.100"></status>
</kw>
<kw name="Input Text" library="SeleniumLibrary">
<doc>Types the given ``text`` into text field identified by ``locator``.</doc>
<arguments>
<arg>name=q</arg>
<arg>Robot Framework</arg>
</arguments>
<msg timestamp="20190822 17:55:01.103" level="INFO">Typing text 'Robot Framework' into text field 'name=q'.</msg>
<status status="PASS" starttime="20190822 17:55:01.101" endtime="20190822 17:55:01.741"></status>
</kw>
<kw name="Press Keys" library="SeleniumLibrary">
<doc>Simulates user pressing key(s) to an element or on the active browser.</doc>
<arguments>
<arg>name=q</arg>
<arg>ENTER</arg>
</arguments>
<msg timestamp="20190822 17:55:01.744" level="INFO">Sending key(s) ('ENTER',) to name=q element.</msg>
<msg timestamp="20190822 17:55:01.767" level="INFO">Pressing special key ENTER to element.</msg>
<status status="PASS" starttime="20190822 17:55:01.743" endtime="20190822 17:55:05.478"></status>
</kw>
<kw name="Sleep" library="BuiltIn">
<doc>Pauses the test executed for the given time.</doc>
<arguments>
<arg>5</arg>
</arguments>
<msg timestamp="20190822 17:55:10.481" level="INFO">Slept 5 seconds</msg>
<status status="PASS" starttime="20190822 17:55:05.479" endtime="20190822 17:55:10.482"></status>
</kw>
<kw name="Close Browser" library="SeleniumLibrary">
<doc>Closes the current browser.</doc>
<status status="PASS" starttime="20190822 17:55:10.482" endtime="20190822 17:55:13.381"></status>
</kw>
<kw name="Log" library="BuiltIn">
<doc>Logs the given message with the given level.</doc>
<arguments>
<arg>Test Completed</arg>
</arguments>
<msg timestamp="20190822 17:55:13.384" level="INFO">Test Completed</msg>
<status status="PASS" starttime="20190822 17:55:13.382" endtime="20190822 17:55:13.384"></status>
</kw>
<kw name="Log" library="BuiltIn" type="teardown">
<doc>Logs the given message with the given level.</doc>
<arguments>
<arg>I am inside Test Teardown</arg>
</arguments>
<msg timestamp="20190822 17:55:13.387" level="INFO">I am inside Test Teardown</msg>
<status status="PASS" starttime="20190822 17:55:13.386" endtime="20190822 17:55:13.387"></status>
</kw>
<tags>
<tag>Sanity</tag>
</tags>
<status status="PASS" starttime="20190822 17:54:54.448" endtime="20190822 17:55:13.388" critical="yes"></status>
</test>
<test id="s1-s1-s1-t3" name="SampleTestCase">
<kw name="Log" library="BuiltIn" type="setup">
<doc>Logs the given message with the given level.</doc>
<arguments>
<arg>I amd inside Test SetUp</arg>
</arguments>
<msg timestamp="20190822 17:55:13.398" level="INFO">I amd inside Test SetUp</msg>
<status status="PASS" starttime="20190822 17:55:13.396" endtime="20190822 17:55:13.399"></status>
</kw>
<kw name="Open Browser" library="SeleniumLibrary">
<doc>Opens a new browser instance to the given ``url``.</doc>
<arguments>
<arg>https://engel:20rufer19@devrelaunch.engelsrufer.de/customer/account/login/</arg>
<arg>chrome</arg>
</arguments>
<msg timestamp="20190822 17:55:13.401" level="INFO">Opening browser 'chrome' to base url 'https://engel:20rufer19@devrelaunch.engelsrufer.de/customer/account/login/'.</msg>
<status status="PASS" starttime="20190822 17:55:13.400" endtime="20190822 17:55:24.070"></status>
</kw>
<kw name="Set Browser Implicit Wait" library="SeleniumLibrary">
<doc>Sets the implicit wait value used by Selenium.</doc>
<arguments>
<arg>5</arg>
</arguments>
<status status="PASS" starttime="20190822 17:55:24.071" endtime="20190822 17:55:24.075"></status>
</kw>
<kw name="Click Button" library="SeleniumLibrary">
<doc>Clicks button identified by ``locator``.</doc>
<arguments>
<arg>id=btn-cookie-allow</arg>
</arguments>
<msg timestamp="20190822 17:55:24.077" level="INFO">Clicking button 'id=btn-cookie-allow'.</msg>
<status status="PASS" starttime="20190822 17:55:24.076" endtime="20190822 17:55:24.609"></status>
</kw>
<kw name="Close Browser" library="SeleniumLibrary">
<doc>Closes the current browser.</doc>
<status status="PASS" starttime="20190822 17:55:24.610" endtime="20190822 17:55:27.969"></status>
</kw>
<kw name="Log" library="BuiltIn" type="teardown">
<doc>Logs the given message with the given level.</doc>
<arguments>
<arg>I am inside Test Teardown</arg>
</arguments>
<msg timestamp="20190822 17:55:27.973" level="INFO">I am inside Test Teardown</msg>
<status status="PASS" starttime="20190822 17:55:27.971" endtime="20190822 17:55:27.973"></status>
</kw>
<tags>
<tag>Smoke</tag>
</tags>
<status status="PASS" starttime="20190822 17:55:13.391" endtime="20190822 17:55:27.974" critical="yes"></status>
</test>
<test id="s1-s1-s1-t4" name="EngelsruferLoginTest">
<kw name="Log" library="BuiltIn" type="setup">
<doc>Logs the given message with the given level.</doc>
<arguments>
<arg>I amd inside Test SetUp</arg>
</arguments>
<msg timestamp="20190822 17:55:27.985" level="INFO">I amd inside Test SetUp</msg>
<status status="PASS" starttime="20190822 17:55:27.984" endtime="20190822 17:55:27.986"></status>
</kw>
<kw name="Set Tags" library="BuiltIn">
<doc>Adds given ``tags`` for the current test or all tests in a suite.</doc>
<arguments>
<arg>Regression</arg>
</arguments>
<msg timestamp="20190822 17:55:27.989" level="INFO">Set tag 'Regression'.</msg>
<status status="PASS" starttime="20190822 17:55:27.988" endtime="20190822 17:55:27.990"></status>
</kw>
<kw name="Remove Tags" library="BuiltIn">
<doc>Removes given ``tags`` from the current test or all tests in a suite.</doc>
<arguments>
<arg>Regression</arg>
</arguments>
<msg timestamp="20190822 17:55:27.994" level="INFO">Removed tag 'Regression'.</msg>
<status status="PASS" starttime="20190822 17:55:27.991" endtime="20190822 17:55:27.995"></status>
</kw>
<kw name="Open Browser" library="SeleniumLibrary">
<doc>Opens a new browser instance to the given ``url``.</doc>
<arguments>
<arg>https://engel:20rufer19@testrelaunch.engelsrufer.world/customer/account/login/</arg>
<arg>chrome</arg>
</arguments>
<msg timestamp="20190822 17:55:27.998" level="INFO">Opening browser 'chrome' to base url 'https://engel:20rufer19@testrelaunch.engelsrufer.world/customer/account/login/'.</msg>
<status status="PASS" starttime="20190822 17:55:27.997" endtime="20190822 17:55:39.480"></status>
</kw>
<kw name="Set Browser Implicit Wait" library="SeleniumLibrary">
<doc>Sets the implicit wait value used by Selenium.</doc>
<arguments>
<arg>5</arg>
</arguments>
<status status="PASS" starttime="20190822 17:55:39.481" endtime="20190822 17:55:39.488"></status>
</kw>
<kw name="Click Button" library="SeleniumLibrary">
<doc>Clicks button identified by ``locator``.</doc>
<arguments>
<arg>id=btn-cookie-allow</arg>
</arguments>
<msg timestamp="20190822 17:55:39.489" level="INFO">Clicking button 'id=btn-cookie-allow'.</msg>
<status status="PASS" starttime="20190822 17:55:39.488" endtime="20190822 17:55:40.130"></status>
</kw>
<kw name="Input Text" library="SeleniumLibrary">
<doc>Types the given ``text`` into text field identified by ``locator``.</doc>
<arguments>
<arg>id=email</arg>
<arg>manish@pixelmechanics.de</arg>
</arguments>
<msg timestamp="20190822 17:55:40.134" level="INFO">Typing text 'manish@pixelmechanics.de' into text field 'id=email'.</msg>
<status status="PASS" starttime="20190822 17:55:40.131" endtime="20190822 17:55:41.195"></status>
</kw>
<kw name="Input Password" library="SeleniumLibrary">
<doc>Types the given password into text field identified by ``locator``.</doc>
<arguments>
<arg>id=pass</arg>
<arg>test@1234</arg>
</arguments>
<msg timestamp="20190822 17:55:41.197" level="INFO">Typing password into text field 'id=pass'.</msg>
<status status="PASS" starttime="20190822 17:55:41.196" endtime="20190822 17:55:41.817"></status>
</kw>
<kw name="Sleep" library="BuiltIn">
<doc>Pauses the test executed for the given time.</doc>
<arguments>
<arg>5</arg>
</arguments>
<msg timestamp="20190822 17:55:46.820" level="INFO">Slept 5 seconds</msg>
<status status="PASS" starttime="20190822 17:55:41.818" endtime="20190822 17:55:46.820"></status>
</kw>
<kw name="Click Element" library="SeleniumLibrary">
<doc>Click element identified by ``locator``.</doc>
<arguments>
<arg>xpath=//*[@id="login-form"]/fieldset/div[4]/div[1]/label</arg>
</arguments>
<msg timestamp="20190822 17:55:46.822" level="INFO">Clicking element 'xpath=//*[@id="login-form"]/fieldset/div[4]/div[1]/label'.</msg>
<status status="PASS" starttime="20190822 17:55:46.821" endtime="20190822 17:55:46.937"></status>
</kw>
<kw name="Click Button" library="SeleniumLibrary">
<doc>Clicks button identified by ``locator``.</doc>
<arguments>
<arg>id=send2</arg>
</arguments>
<msg timestamp="20190822 17:55:46.938" level="INFO">Clicking button 'id=send2'.</msg>
<status status="PASS" starttime="20190822 17:55:46.938" endtime="20190822 17:55:51.228"></status>
</kw>
<kw name="Close Browser" library="SeleniumLibrary">
<doc>Closes the current browser.</doc>
<status status="PASS" starttime="20190822 17:55:51.229" endtime="20190822 17:55:53.683"></status>
</kw>
<kw name="Log" library="BuiltIn">
<doc>Logs the given message with the given level.</doc>
<arguments>
<arg>Login test Completed</arg>
</arguments>
<msg timestamp="20190822 17:55:53.687" level="INFO">Login test Completed</msg>
<status status="PASS" starttime="20190822 17:55:53.685" endtime="20190822 17:55:53.688"></status>
</kw>
<kw name="Log" library="BuiltIn" type="teardown">
<doc>Logs the given message with the given level.</doc>
<arguments>
<arg>I am inside Test Teardown</arg>
</arguments>
<msg timestamp="20190822 17:55:53.691" level="INFO">I am inside Test Teardown</msg>
<status status="PASS" starttime="20190822 17:55:53.690" endtime="20190822 17:55:53.691"></status>
</kw>
<doc>Login in Engelsrufer website</doc>
<tags>
<tag>Sanity</tag>
</tags>
<status status="PASS" starttime="20190822 17:55:27.979" endtime="20190822 17:55:53.692" critical="yes"></status>
</test>
<test id="s1-s1-s1-t5" name="EngelsruferloginTestWithvariables">
<kw name="Log" library="BuiltIn" type="setup">
<doc>Logs the given message with the given level.</doc>
<arguments>
<arg>I amd inside Test SetUp</arg>
</arguments>
<msg timestamp="20190822 17:55:53.695" level="INFO">I amd inside Test SetUp</msg>
<status status="PASS" starttime="20190822 17:55:53.695" endtime="20190822 17:55:53.696"></status>
</kw>
<kw name="Open Browser" library="SeleniumLibrary">
<doc>Opens a new browser instance to the given ``url``.</doc>
<arguments>
<arg>${URL}</arg>
<arg>chrome</arg>
</arguments>
<msg timestamp="20190822 17:55:53.697" level="INFO">Opening browser 'chrome' to base url 'https://engel:20rufer19@testrelaunch.engelsrufer.world/customer/account/login/'.</msg>
<status status="PASS" starttime="20190822 17:55:53.696" endtime="20190822 17:56:01.759"></status>
</kw>
<kw name="Set Browser Implicit Wait" library="SeleniumLibrary">
<doc>Sets the implicit wait value used by Selenium.</doc>
<arguments>
<arg>5</arg>
</arguments>
<status status="PASS" starttime="20190822 17:56:01.761" endtime="20190822 17:56:01.768"></status>
</kw>
<kw name="Click Button" library="SeleniumLibrary">
<doc>Clicks button identified by ``locator``.</doc>
<arguments>
<arg>id=btn-cookie-allow</arg>
</arguments>
<msg timestamp="20190822 17:56:01.770" level="INFO">Clicking button 'id=btn-cookie-allow'.</msg>
<status status="PASS" starttime="20190822 17:56:01.769" endtime="20190822 17:56:02.503"></status>
</kw>
<kw name="Input Text" library="SeleniumLibrary">
<doc>Types the given ``text`` into text field identified by ``locator``.</doc>
<arguments>
<arg>id=email</arg>
<arg>@{CREDENTIALS}[0]</arg>
</arguments>
<msg timestamp="20190822 17:56:02.505" level="INFO">Typing text 'manish@pixelmechanics.de' into text field 'id=email'.</msg>
<status status="PASS" starttime="20190822 17:56:02.504" endtime="20190822 17:56:03.764"></status>
</kw>
<kw name="Input Password" library="SeleniumLibrary">
<doc>Types the given password into text field identified by ``locator``.</doc>
<arguments>
<arg>id=pass</arg>
<arg>&amp;{LOGINDATA}[Password]</arg>
</arguments>
<msg timestamp="20190822 17:56:03.766" level="INFO">Typing password into text field 'id=pass'.</msg>
<status status="PASS" starttime="20190822 17:56:03.765" endtime="20190822 17:56:04.343"></status>
</kw>
<kw name="Sleep" library="BuiltIn">
<doc>Pauses the test executed for the given time.</doc>
<arguments>
<arg>5</arg>
</arguments>
<msg timestamp="20190822 17:56:09.346" level="INFO">Slept 5 seconds</msg>
<status status="PASS" starttime="20190822 17:56:04.344" endtime="20190822 17:56:09.346"></status>
</kw>
<kw name="Click Element" library="SeleniumLibrary">
<doc>Click element identified by ``locator``.</doc>
<arguments>
<arg>xpath=//*[@id="login-form"]/fieldset/div[4]/div[1]/label</arg>
</arguments>
<msg timestamp="20190822 17:56:09.348" level="INFO">Clicking element 'xpath=//*[@id="login-form"]/fieldset/div[4]/div[1]/label'.</msg>
<status status="PASS" starttime="20190822 17:56:09.346" endtime="20190822 17:56:09.481"></status>
</kw>
<kw name="Click Button" library="SeleniumLibrary">
<doc>Clicks button identified by ``locator``.</doc>
<arguments>
<arg>id=send2</arg>
</arguments>
<msg timestamp="20190822 17:56:09.483" level="INFO">Clicking button 'id=send2'.</msg>
<status status="PASS" starttime="20190822 17:56:09.481" endtime="20190822 17:56:14.455"></status>
</kw>
<kw name="Close Browser" library="SeleniumLibrary">
<doc>Closes the current browser.</doc>
<status status="PASS" starttime="20190822 17:56:14.456" endtime="20190822 17:56:16.936"></status>
</kw>
<kw name="Log" library="BuiltIn">
<doc>Logs the given message with the given level.</doc>
<arguments>
<arg>Login test completed with variables</arg>
</arguments>
<msg timestamp="20190822 17:56:16.937" level="INFO">Login test completed with variables</msg>
<status status="PASS" starttime="20190822 17:56:16.937" endtime="20190822 17:56:16.938"></status>
</kw>
<kw name="Log" library="BuiltIn">
<doc>Logs the given message with the given level.</doc>
<arguments>
<arg>This test was executed by %{username} on %{os}</arg>
</arguments>
<msg timestamp="20190822 17:56:16.939" level="INFO">This test was executed by INFOICON on Windows_NT</msg>
<status status="PASS" starttime="20190822 17:56:16.938" endtime="20190822 17:56:16.939"></status>
</kw>
<kw name="Log" library="BuiltIn" type="teardown">
<doc>Logs the given message with the given level.</doc>
<arguments>
<arg>I am inside Test Teardown</arg>
</arguments>
<msg timestamp="20190822 17:56:16.940" level="INFO">I am inside Test Teardown</msg>
<status status="PASS" starttime="20190822 17:56:16.939" endtime="20190822 17:56:16.940"></status>
</kw>
<doc>Login in Engelsrufer website with variables</doc>
<tags>
<tag>Smoke</tag>
</tags>
<status status="PASS" starttime="20190822 17:55:53.693" endtime="20190822 17:56:16.941" critical="yes"></status>
</test>
<test id="s1-s1-s1-t6" name="EngelsruferLoginTestWithKeywords">
<kw name="Log" library="BuiltIn" type="setup">
<doc>Logs the given message with the given level.</doc>
<arguments>
<arg>I amd inside Test SetUp</arg>
</arguments>
<msg timestamp="20190822 17:56:16.945" level="INFO">I amd inside Test SetUp</msg>
<status status="PASS" starttime="20190822 17:56:16.944" endtime="20190822 17:56:16.946"></status>
</kw>
<kw name="Open Browser" library="SeleniumLibrary">
<doc>Opens a new browser instance to the given ``url``.</doc>
<arguments>
<arg>${URL}</arg>
<arg>chrome</arg>
</arguments>
<msg timestamp="20190822 17:56:16.949" level="INFO">Opening browser 'chrome' to base url 'https://engel:20rufer19@testrelaunch.engelsrufer.world/customer/account/login/'.</msg>
<status status="PASS" starttime="20190822 17:56:16.947" endtime="20190822 17:56:25.678"></status>
</kw>
<kw name="LoginKW">
<kw name="Set Browser Implicit Wait" library="SeleniumLibrary">
<doc>Sets the implicit wait value used by Selenium.</doc>
<arguments>
<arg>5</arg>
</arguments>
<status status="PASS" starttime="20190822 17:56:25.680" endtime="20190822 17:56:25.684"></status>
</kw>
<kw name="Click Button" library="SeleniumLibrary">
<doc>Clicks button identified by ``locator``.</doc>
<arguments>
<arg>id=btn-cookie-allow</arg>
</arguments>
<msg timestamp="20190822 17:56:25.688" level="INFO">Clicking button 'id=btn-cookie-allow'.</msg>
<status status="PASS" starttime="20190822 17:56:25.685" endtime="20190822 17:56:26.361"></status>
</kw>
<kw name="Input Text" library="SeleniumLibrary">
<doc>Types the given ``text`` into text field identified by ``locator``.</doc>
<arguments>
<arg>id=email</arg>
<arg>@{CREDENTIALS}[0]</arg>
</arguments>
<msg timestamp="20190822 17:56:26.363" level="INFO">Typing text 'manish@pixelmechanics.de' into text field 'id=email'.</msg>
<status status="PASS" starttime="20190822 17:56:26.362" endtime="20190822 17:56:27.527"></status>
</kw>
<kw name="Input Password" library="SeleniumLibrary">
<doc>Types the given password into text field identified by ``locator``.</doc>
<arguments>
<arg>id=pass</arg>
<arg>&amp;{LOGINDATA}[Password]</arg>
</arguments>
<msg timestamp="20190822 17:56:27.529" level="INFO">Typing password into text field 'id=pass'.</msg>
<status status="PASS" starttime="20190822 17:56:27.528" endtime="20190822 17:56:28.133"></status>
</kw>
<status status="PASS" starttime="20190822 17:56:25.679" endtime="20190822 17:56:28.135"></status>
</kw>
<kw name="LoginKW1">
<kw name="Sleep" library="BuiltIn">
<doc>Pauses the test executed for the given time.</doc>
<arguments>
<arg>5</arg>
</arguments>
<msg timestamp="20190822 17:56:33.141" level="INFO">Slept 5 seconds</msg>
<status status="PASS" starttime="20190822 17:56:28.138" endtime="20190822 17:56:33.141"></status>
</kw>
<kw name="Click Element" library="SeleniumLibrary">
<doc>Click element identified by ``locator``.</doc>
<arguments>
<arg>xpath=//*[@id="login-form"]/fieldset/div[4]/div[1]/label</arg>
</arguments>
<msg timestamp="20190822 17:56:33.143" level="INFO">Clicking element 'xpath=//*[@id="login-form"]/fieldset/div[4]/div[1]/label'.</msg>
<status status="PASS" starttime="20190822 17:56:33.142" endtime="20190822 17:56:33.335"></status>
</kw>
<status status="PASS" starttime="20190822 17:56:28.136" endtime="20190822 17:56:33.336"></status>
</kw>
<kw name="Click Button" library="SeleniumLibrary">
<doc>Clicks button identified by ``locator``.</doc>
<arguments>
<arg>id=send2</arg>
</arguments>
<msg timestamp="20190822 17:56:33.338" level="INFO">Clicking button 'id=send2'.</msg>
<status status="PASS" starttime="20190822 17:56:33.337" endtime="20190822 17:56:37.420"></status>
</kw>
<kw name="Close Browser" library="SeleniumLibrary">
<doc>Closes the current browser.</doc>
<status status="PASS" starttime="20190822 17:56:37.422" endtime="20190822 17:56:39.922"></status>
</kw>
<kw name="Log" library="BuiltIn">
<doc>Logs the given message with the given level.</doc>
<arguments>
<arg>login test completed with Keywords</arg>
</arguments>
<msg timestamp="20190822 17:56:39.928" level="INFO">login test completed with Keywords</msg>
<status status="PASS" starttime="20190822 17:56:39.924" endtime="20190822 17:56:39.929"></status>
</kw>
<kw name="Log" library="BuiltIn" type="teardown">
<doc>Logs the given message with the given level.</doc>
<arguments>
<arg>I am inside Test Teardown</arg>
</arguments>
<msg timestamp="20190822 17:56:39.932" level="INFO">I am inside Test Teardown</msg>
<status status="PASS" starttime="20190822 17:56:39.931" endtime="20190822 17:56:39.932"></status>
</kw>
<doc>Login in Engelsrufer website with Keywords</doc>
<tags>
<tag>Sanity</tag>
</tags>
<status status="PASS" starttime="20190822 17:56:16.942" endtime="20190822 17:56:39.933" critical="yes"></status>
</test>
<kw name="Log" library="BuiltIn" type="teardown">
<doc>Logs the given message with the given level.</doc>
<arguments>
<arg>I am inside Test Suite Teardown</arg>
</arguments>
<msg timestamp="20190822 17:56:39.942" level="INFO">I am inside Test Suite Teardown</msg>
<status status="PASS" starttime="20190822 17:56:39.940" endtime="20190822 17:56:39.943"></status>
</kw>
<status status="PASS" starttime="20190822 17:54:53.975" endtime="20190822 17:56:39.945"></status>
</suite>
<status status="PASS" starttime="20190822 17:54:53.971" endtime="20190822 17:56:39.965"></status>
</suite>
<status status="PASS" starttime="20190822 17:54:53.928" endtime="20190822 17:56:39.971"></status>
</suite>
<statistics>
<total>
<stat pass="6" fail="0">Critical Tests</stat>
<stat pass="6" fail="0">All Tests</stat>
</total>
<tag>
<stat pass="3" fail="0">Sanity</stat>
<stat pass="3" fail="0">Smoke</stat>
</tag>
<suite>
<stat pass="6" fail="0" id="s1" name="RobotProject1">RobotProject1</stat>
<stat pass="6" fail="0" id="s1-s1" name="Test">RobotProject1.Test</stat>
<stat pass="6" fail="0" id="s1-s1-s1" name="TestSuite1">RobotProject1.Test.TestSuite1</stat>
</suite>
</statistics>
<errors>
</errors>
</robot>
